# JRE version: OpenJDK Runtime Environment Temurin-21.0.9+10 (21.0.9+10) (build 21.0.9+10-LTS)
# Java VM: OpenJDK 64-Bit Server VM Temurin-21.0.9+10 (21.0.9+10-LTS, mixed mode, sharing, tiered, compressed oops, compressed class ptrs, parallel gc, windows-amd64)
GC Precious Log:
 CardTable entry size: 512
 CPUs: 16 total, 16 available
 Memory: 15706M
 Large Page Support: Disabled
 NUMA Support: Disabled
 Compressed Oops: Enabled (32-bit)
 Alignments: Space 512K, Generation 512K, Heap 2M
 Heap Min Capacity: 100M
 Heap Initial Capacity: 100M
 Heap Max Capacity: 2G
 Pre-touch: Disabled
 Parallel Workers: 13
Heap:
 PSYoungGen      total 7680K, used 6818K [0x00000000d5580000, 0x00000000d5f80000, 0x0000000100000000)
  eden space 7168K, 89% used [0x00000000d5580000,0x00000000d5bc0800,0x00000000d5c80000)
  from space 512K, 81% used [0x00000000d5f00000,0x00000000d5f68000,0x00000000d5f80000)
  to   space 512K, 0% used [0x00000000d5e80000,0x00000000d5e80000,0x00000000d5f00000)
 ParOldGen       total 118784K, used 69890K [0x0000000080000000, 0x0000000087400000, 0x00000000d5580000)
  object space 118784K, 58% used [0x0000000080000000,0x00000000844408e8,0x0000000087400000)
 Metaspace       used 93112K, committed 94976K, reserved 1179648K
  class space    used 9861K, committed 10688K, reserved 1048576K
GC Heap History (20 events):
Event: 722.643 GC heap before
{Heap before GC invocations=293 (full 4):
 PSYoungGen      total 7680K, used 7616K [0x00000000d5580000, 0x00000000d5f80000, 0x0000000100000000)
  eden space 7168K, 100% used [0x00000000d5580000,0x00000000d5c80000,0x00000000d5c80000)
  from space 512K, 87% used [0x00000000d5f00000,0x00000000d5f70000,0x00000000d5f80000)
  to   space 512K, 0% used [0x00000000d5e80000,0x00000000d5e80000,0x00000000d5f00000)
 ParOldGen       total 118784K, used 68721K [0x0000000080000000, 0x0000000087400000, 0x00000000d5580000)
  object space 118784K, 57% used [0x0000000080000000,0x000000008431c438,0x0000000087400000)
 Metaspace       used 93077K, committed 94976K, reserved 1179648K
  class space    used 9858K, committed 10688K, reserved 1048576K
}
Event: 722.643 GC heap after
{Heap after GC invocations=293 (full 4):
 PSYoungGen      total 7680K, used 416K [0x00000000d5580000, 0x00000000d5f80000, 0x0000000100000000)
  eden space 7168K, 0% used [0x00000000d5580000,0x00000000d5580000,0x00000000d5c80000)
  from space 512K, 81% used [0x00000000d5e80000,0x00000000d5ee8000,0x00000000d5f00000)
  to   space 512K, 0% used [0x00000000d5f00000,0x00000000d5f00000,0x00000000d5f80000)
 ParOldGen       total 118784K, used 68825K [0x0000000080000000, 0x0000000087400000, 0x00000000d5580000)
  object space 118784K, 57% used [0x0000000080000000,0x0000000084336438,0x0000000087400000)
 Metaspace       used 93077K, committed 94976K, reserved 1179648K
  class space    used 9858K, committed 10688K, reserved 1048576K
}
Event: 725.408 GC heap before
{Heap before GC invocations=294 (full 4):
 PSYoungGen      total 7680K, used 7584K [0x00000000d5580000, 0x00000000d5f80000, 0x0000000100000000)
  eden space 7168K, 100% used [0x00000000d5580000,0x00000000d5c80000,0x00000000d5c80000)
  from space 512K, 81% used [0x00000000d5e80000,0x00000000d5ee8000,0x00000000d5f00000)
  to   space 512K, 0% used [0x00000000d5f00000,0x00000000d5f00000,0x00000000d5f80000)
 ParOldGen       total 118784K, used 68825K [0x0000000080000000, 0x0000000087400000, 0x00000000d5580000)
  object space 118784K, 57% used [0x0000000080000000,0x0000000084336438,0x0000000087400000)
 Metaspace       used 93077K, committed 94976K, reserved 1179648K
  class space    used 9858K, committed 10688K, reserved 1048576K
}
Event: 725.409 GC heap after
{Heap after GC invocations=294 (full 4):
 PSYoungGen      total 7680K, used 416K [0x00000000d5580000, 0x00000000d5f80000, 0x0000000100000000)
  eden space 7168K, 0% used [0x00000000d5580000,0x00000000d5580000,0x00000000d5c80000)
  from space 512K, 81% used [0x00000000d5f00000,0x00000000d5f68000,0x00000000d5f80000)
  to   space 512K, 0% used [0x00000000d5e80000,0x00000000d5e80000,0x00000000d5f00000)
 ParOldGen       total 118784K, used 68897K [0x0000000080000000, 0x0000000087400000, 0x00000000d5580000)
  object space 118784K, 58% used [0x0000000080000000,0x0000000084348438,0x0000000087400000)
 Metaspace       used 93077K, committed 94976K, reserved 1179648K
  class space    used 9858K, committed 10688K, reserved 1048576K
}
Event: 725.998 GC heap before
{Heap before GC invocations=295 (full 4):
 PSYoungGen      total 7680K, used 7583K [0x00000000d5580000, 0x00000000d5f80000, 0x0000000100000000)
  eden space 7168K, 99% used [0x00000000d5580000,0x00000000d5c7ff80,0x00000000d5c80000)
  from space 512K, 81% used [0x00000000d5f00000,0x00000000d5f68000,0x00000000d5f80000)
  to   space 512K, 0% used [0x00000000d5e80000,0x00000000d5e80000,0x00000000d5f00000)
 ParOldGen       total 118784K, used 68897K [0x0000000080000000, 0x0000000087400000, 0x00000000d5580000)
  object space 118784K, 58% used [0x0000000080000000,0x0000000084348438,0x0000000087400000)
 Metaspace       used 93077K, committed 94976K, reserved 1179648K
  class space    used 9858K, committed 10688K, reserved 1048576K
}
Event: 725.999 GC heap after
{Heap after GC invocations=295 (full 4):
 PSYoungGen      total 7680K, used 416K [0x00000000d5580000, 0x00000000d5f80000, 0x0000000100000000)
  eden space 7168K, 0% used [0x00000000d5580000,0x00000000d5580000,0x00000000d5c80000)
  from space 512K, 81% used [0x00000000d5e80000,0x00000000d5ee8000,0x00000000d5f00000)
  to   space 512K, 0% used [0x00000000d5f00000,0x00000000d5f00000,0x00000000d5f80000)
 ParOldGen       total 118784K, used 68969K [0x0000000080000000, 0x0000000087400000, 0x00000000d5580000)
  object space 118784K, 58% used [0x0000000080000000,0x000000008435a438,0x0000000087400000)
 Metaspace       used 93077K, committed 94976K, reserved 1179648K
  class space    used 9858K, committed 10688K, reserved 1048576K
}
Event: 727.033 GC heap before
{Heap before GC invocations=296 (full 4):
 PSYoungGen      total 7680K, used 7584K [0x00000000d5580000, 0x00000000d5f80000, 0x0000000100000000)
  eden space 7168K, 100% used [0x00000000d5580000,0x00000000d5c80000,0x00000000d5c80000)
  from space 512K, 81% used [0x00000000d5e80000,0x00000000d5ee8000,0x00000000d5f00000)
  to   space 512K, 0% used [0x00000000d5f00000,0x00000000d5f00000,0x00000000d5f80000)
 ParOldGen       total 118784K, used 68969K [0x0000000080000000, 0x0000000087400000, 0x00000000d5580000)
  object space 118784K, 58% used [0x0000000080000000,0x000000008435a438,0x0000000087400000)
 Metaspace       used 93092K, committed 94976K, reserved 1179648K
  class space    used 9860K, committed 10688K, reserved 1048576K
}
Event: 727.034 GC heap after
{Heap after GC invocations=296 (full 4):
 PSYoungGen      total 7680K, used 416K [0x00000000d5580000, 0x00000000d5f80000, 0x0000000100000000)
  eden space 7168K, 0% used [0x00000000d5580000,0x00000000d5580000,0x00000000d5c80000)
  from space 512K, 81% used [0x00000000d5f00000,0x00000000d5f68000,0x00000000d5f80000)
  to   space 512K, 0% used [0x00000000d5e80000,0x00000000d5e80000,0x00000000d5f00000)
 ParOldGen       total 118784K, used 69049K [0x0000000080000000, 0x0000000087400000, 0x00000000d5580000)
  object space 118784K, 58% used [0x0000000080000000,0x000000008436e438,0x0000000087400000)
 Metaspace       used 93092K, committed 94976K, reserved 1179648K
  class space    used 9860K, committed 10688K, reserved 1048576K
}
Event: 727.246 GC heap before
{Heap before GC invocations=297 (full 4):
 PSYoungGen      total 7680K, used 7584K [0x00000000d5580000, 0x00000000d5f80000, 0x0000000100000000)
  eden space 7168K, 100% used [0x00000000d5580000,0x00000000d5c80000,0x00000000d5c80000)
  from space 512K, 81% used [0x00000000d5f00000,0x00000000d5f68000,0x00000000d5f80000)
  to   space 512K, 0% used [0x00000000d5e80000,0x00000000d5e80000,0x00000000d5f00000)
 ParOldGen       total 118784K, used 69049K [0x0000000080000000, 0x0000000087400000, 0x00000000d5580000)
  object space 118784K, 58% used [0x0000000080000000,0x000000008436e438,0x0000000087400000)
 Metaspace       used 93092K, committed 94976K, reserved 1179648K
  class space    used 9860K, committed 10688K, reserved 1048576K
}
Event: 727.247 GC heap after
{Heap after GC invocations=297 (full 4):
 PSYoungGen      total 7680K, used 352K [0x00000000d5580000, 0x00000000d5f80000, 0x0000000100000000)
  eden space 7168K, 0% used [0x00000000d5580000,0x00000000d5580000,0x00000000d5c80000)
  from space 512K, 68% used [0x00000000d5e80000,0x00000000d5ed8000,0x00000000d5f00000)
  to   space 512K, 0% used [0x00000000d5f00000,0x00000000d5f00000,0x00000000d5f80000)
 ParOldGen       total 118784K, used 69235K [0x0000000080000000, 0x0000000087400000, 0x00000000d5580000)
  object space 118784K, 58% used [0x0000000080000000,0x000000008439cd48,0x0000000087400000)
 Metaspace       used 93092K, committed 94976K, reserved 1179648K
  class space    used 9860K, committed 10688K, reserved 1048576K
}
Event: 727.704 GC heap before
{Heap before GC invocations=298 (full 4):
 PSYoungGen      total 7680K, used 7520K [0x00000000d5580000, 0x00000000d5f80000, 0x0000000100000000)
  eden space 7168K, 100% used [0x00000000d5580000,0x00000000d5c80000,0x00000000d5c80000)
  from space 512K, 68% used [0x00000000d5e80000,0x00000000d5ed8000,0x00000000d5f00000)
  to   space 512K, 0% used [0x00000000d5f00000,0x00000000d5f00000,0x00000000d5f80000)
 ParOldGen       total 118784K, used 69235K [0x0000000080000000, 0x0000000087400000, 0x00000000d5580000)
  object space 118784K, 58% used [0x0000000080000000,0x000000008439cd48,0x0000000087400000)
 Metaspace       used 93104K, committed 94976K, reserved 1179648K
  class space    used 9860K, committed 10688K, reserved 1048576K
}
Event: 727.706 GC heap after
{Heap after GC invocations=298 (full 4):
 PSYoungGen      total 7680K, used 448K [0x00000000d5580000, 0x00000000d5f80000, 0x0000000100000000)
  eden space 7168K, 0% used [0x00000000d5580000,0x00000000d5580000,0x00000000d5c80000)
  from space 512K, 87% used [0x00000000d5f00000,0x00000000d5f70000,0x00000000d5f80000)
  to   space 512K, 0% used [0x00000000d5e80000,0x00000000d5e80000,0x00000000d5f00000)
 ParOldGen       total 118784K, used 69363K [0x0000000080000000, 0x0000000087400000, 0x00000000d5580000)
  object space 118784K, 58% used [0x0000000080000000,0x00000000843bcd48,0x0000000087400000)
 Metaspace       used 93104K, committed 94976K, reserved 1179648K
  class space    used 9860K, committed 10688K, reserved 1048576K
}
Event: 727.723 GC heap before
{Heap before GC invocations=299 (full 4):
 PSYoungGen      total 7680K, used 7616K [0x00000000d5580000, 0x00000000d5f80000, 0x0000000100000000)
  eden space 7168K, 100% used [0x00000000d5580000,0x00000000d5c80000,0x00000000d5c80000)
  from space 512K, 87% used [0x00000000d5f00000,0x00000000d5f70000,0x00000000d5f80000)
  to   space 512K, 0% used [0x00000000d5e80000,0x00000000d5e80000,0x00000000d5f00000)
 ParOldGen       total 118784K, used 69363K [0x0000000080000000, 0x0000000087400000, 0x00000000d5580000)
  object space 118784K, 58% used [0x0000000080000000,0x00000000843bcd48,0x0000000087400000)
 Metaspace       used 93104K, committed 94976K, reserved 1179648K
  class space    used 9860K, committed 10688K, reserved 1048576K
}
Event: 727.725 GC heap after
{Heap after GC invocations=299 (full 4):
 PSYoungGen      total 7680K, used 416K [0x00000000d5580000, 0x00000000d5f80000, 0x0000000100000000)
  eden space 7168K, 0% used [0x00000000d5580000,0x00000000d5580000,0x00000000d5c80000)
  from space 512K, 81% used [0x00000000d5e80000,0x00000000d5ee8000,0x00000000d5f00000)
  to   space 512K, 0% used [0x00000000d5f00000,0x00000000d5f00000,0x00000000d5f80000)
 ParOldGen       total 118784K, used 69487K [0x0000000080000000, 0x0000000087400000, 0x00000000d5580000)
  object space 118784K, 58% used [0x0000000080000000,0x00000000843dbfd8,0x0000000087400000)
 Metaspace       used 93104K, committed 94976K, reserved 1179648K
  class space    used 9860K, committed 10688K, reserved 1048576K
}
Event: 728.462 GC heap before
{Heap before GC invocations=300 (full 4):
 PSYoungGen      total 7680K, used 7584K [0x00000000d5580000, 0x00000000d5f80000, 0x0000000100000000)
  eden space 7168K, 100% used [0x00000000d5580000,0x00000000d5c80000,0x00000000d5c80000)
  from space 512K, 81% used [0x00000000d5e80000,0x00000000d5ee8000,0x00000000d5f00000)
  to   space 512K, 0% used [0x00000000d5f00000,0x00000000d5f00000,0x00000000d5f80000)
 ParOldGen       total 118784K, used 69487K [0x0000000080000000, 0x0000000087400000, 0x00000000d5580000)
  object space 118784K, 58% used [0x0000000080000000,0x00000000843dbfd8,0x0000000087400000)
 Metaspace       used 93107K, committed 94976K, reserved 1179648K
  class space    used 9860K, committed 10688K, reserved 1048576K
}
Event: 728.464 GC heap after
{Heap after GC invocations=300 (full 4):
 PSYoungGen      total 7680K, used 496K [0x00000000d5580000, 0x00000000d5f80000, 0x0000000100000000)
  eden space 7168K, 0% used [0x00000000d5580000,0x00000000d5580000,0x00000000d5c80000)
  from space 512K, 96% used [0x00000000d5f00000,0x00000000d5f7c010,0x00000000d5f80000)
  to   space 1024K, 0% used [0x00000000d5d80000,0x00000000d5d80000,0x00000000d5e80000)
 ParOldGen       total 118784K, used 69559K [0x0000000080000000, 0x0000000087400000, 0x00000000d5580000)
  object space 118784K, 58% used [0x0000000080000000,0x00000000843edfd8,0x0000000087400000)
 Metaspace       used 93107K, committed 94976K, reserved 1179648K
  class space    used 9860K, committed 10688K, reserved 1048576K
}
Event: 728.556 GC heap before
{Heap before GC invocations=301 (full 4):
 PSYoungGen      total 7680K, used 7664K [0x00000000d5580000, 0x00000000d5f80000, 0x0000000100000000)
  eden space 7168K, 100% used [0x00000000d5580000,0x00000000d5c80000,0x00000000d5c80000)
  from space 512K, 96% used [0x00000000d5f00000,0x00000000d5f7c010,0x00000000d5f80000)
  to   space 1024K, 0% used [0x00000000d5d80000,0x00000000d5d80000,0x00000000d5e80000)
 ParOldGen       total 118784K, used 69559K [0x0000000080000000, 0x0000000087400000, 0x00000000d5580000)
  object space 118784K, 58% used [0x0000000080000000,0x00000000843edfd8,0x0000000087400000)
 Metaspace       used 93107K, committed 94976K, reserved 1179648K
  class space    used 9860K, committed 10688K, reserved 1048576K
}
Event: 728.556 GC heap after
{Heap after GC invocations=301 (full 4):
 PSYoungGen      total 8192K, used 384K [0x00000000d5580000, 0x00000000d5f80000, 0x0000000100000000)
  eden space 7168K, 0% used [0x00000000d5580000,0x00000000d5580000,0x00000000d5c80000)
  from space 1024K, 37% used [0x00000000d5d80000,0x00000000d5de0000,0x00000000d5e80000)
  to   space 512K, 0% used [0x00000000d5f00000,0x00000000d5f00000,0x00000000d5f80000)
 ParOldGen       total 118784K, used 69826K [0x0000000080000000, 0x0000000087400000, 0x00000000d5580000)
  object space 118784K, 58% used [0x0000000080000000,0x00000000844308e8,0x0000000087400000)
 Metaspace       used 93107K, committed 94976K, reserved 1179648K
  class space    used 9860K, committed 10688K, reserved 1048576K
}
Event: 728.895 GC heap before
{Heap before GC invocations=302 (full 4):
 PSYoungGen      total 8192K, used 7552K [0x00000000d5580000, 0x00000000d5f80000, 0x0000000100000000)
  eden space 7168K, 100% used [0x00000000d5580000,0x00000000d5c80000,0x00000000d5c80000)
  from space 1024K, 37% used [0x00000000d5d80000,0x00000000d5de0000,0x00000000d5e80000)
  to   space 512K, 0% used [0x00000000d5f00000,0x00000000d5f00000,0x00000000d5f80000)
 ParOldGen       total 118784K, used 69826K [0x0000000080000000, 0x0000000087400000, 0x00000000d5580000)
  object space 118784K, 58% used [0x0000000080000000,0x00000000844308e8,0x0000000087400000)
 Metaspace       used 93107K, committed 94976K, reserved 1179648K
  class space    used 9860K, committed 10688K, reserved 1048576K
}
Event: 728.896 GC heap after
{Heap after GC invocations=302 (full 4):
 PSYoungGen      total 7680K, used 416K [0x00000000d5580000, 0x00000000d5f80000, 0x0000000100000000)
  eden space 7168K, 0% used [0x00000000d5580000,0x00000000d5580000,0x00000000d5c80000)
  from space 512K, 81% used [0x00000000d5f00000,0x00000000d5f68000,0x00000000d5f80000)
  to   space 512K, 0% used [0x00000000d5e80000,0x00000000d5e80000,0x00000000d5f00000)
 ParOldGen       total 118784K, used 69890K [0x0000000080000000, 0x0000000087400000, 0x00000000d5580000)
  object space 118784K, 58% used [0x0000000080000000,0x00000000844408e8,0x0000000087400000)
 Metaspace       used 93107K, committed 94976K, reserved 1179648K
  class space    used 9860K, committed 10688K, reserved 1048576K
}

